I/NO_TAG   [07-15 17:44:07.327] PubConfig:initChannel, init channel
I/NO_TAG   [07-15 17:54:58.117] PubConfig:initChannel, init channel
I/NO_TAG   [07-15 17:56:32.018] PubConfig:initChannel, init channel
I/NO_TAG   [07-15 17:56:33.795] ChannelLogic:initChannel, init channel
I/NO_TAG   [07-15 17:56:33.796] init channel port:9500
I/NO_TAG   [07-15 17:56:33.796] create socket, listen port:9500
I/NO_TAG   [07-15 17:56:33.799] Network:createSocket , socket fd:488
I/NO_TAG   [07-15 17:56:33.799] Server::initServer sucess ...
I/NO_TAG   [07-15 17:56:33.799] Server:run, application running ...
I/NO_TAG   [07-15 17:56:48.539] PubConfig:initChannel, init channel
I/NO_TAG   [07-15 17:56:48.539] ChannelLogic:initChannel, init channel
I/NO_TAG   [07-15 17:56:48.539] init channel port:9500
I/NO_TAG   [07-15 17:56:48.539] create socket, listen port:9500
I/NO_TAG   [07-15 17:56:48.541] Network:createSocket , socket fd:412
I/NO_TAG   [07-15 17:56:48.541] Server::initServer sucess ...
I/NO_TAG   [07-15 17:56:48.542] Server:run, application running ...
I/NO_TAG   [07-15 17:59:41.874] PubConfig:initChannel, init channel
I/NO_TAG   [07-15 17:59:45.100] ChannelLogic:initChannel, init channel
I/NO_TAG   [07-15 17:59:45.101] init channel port:9500
I/NO_TAG   [07-15 17:59:45.102] create socket, listen port:9500
I/NO_TAG   [07-15 17:59:45.106] Network:createSocket , socket fd:444
I/NO_TAG   [07-15 17:59:45.106] Server::initServer sucess ...
I/NO_TAG   [07-15 17:59:45.106] Server:run, application running ...
